Log file open, 06/05/17 13:33:06
LogInit:Display: Running engine for game: 기말고사주것으면좋겟다
LogPlatformFile: Not using cached read wrapper
LogInit:Display: RandInit(1377659732) SRandInit(1377659734).
LogTaskGraph: Started task graph with 4 named threads and 7 total threads with 1 sets of task threads.
LogStats: Stats thread started at 9.580648
LogInit: Version: 4.12.5-3039270+++UE4+Release-4.12
LogInit: API Version: 2992821
LogInit: Net Version: 3039270
LogDevObjectVersion: Number of dev versions registered: 13
LogDevObjectVersion:   Dev-Blueprints (B0D832E4-1F89-4F0D-ACCF-7EB736FD4AA2): 3
LogDevObjectVersion:   Dev-Build (E1C64328-A22C-4D53-A36C-8E866417BD8C): 0
LogDevObjectVersion:   Dev-Core (375EC13C-06E4-48FB-B500-84F0262A717E): 1
LogDevObjectVersion:   Dev-Editor (E4B068ED-F494-42E9-A231-DA0B2E46BB41): 2
LogDevObjectVersion:   Dev-Framework (CFFC743F-43B0-4480-9391-14DF171D2073): 6
LogDevObjectVersion:   Dev-Mobile (B02B49B5-BB20-44E9-A304-32B752E40360): 0
LogDevObjectVersion:   Dev-Networking (A4E4105C-59A1-49B5-A7C5-40C4547EDFEE): 0
LogDevObjectVersion:   Dev-Online (39C831C9-5AE6-47DC-9A44-9C173E1C8E7C): 0
LogDevObjectVersion:   Dev-Physics (78F01B33-EBEA-4F98-B9B4-84EACCB95AA2): 0
LogDevObjectVersion:   Dev-Platform (6631380F-2D4D-43E0-8009-CF276956A95A): 0
LogDevObjectVersion:   Dev-Rendering (12F88B9F-8875-4AFC-A67C-D90C383ABD29): 2
LogDevObjectVersion:   Dev-Sequencer (7B5AE74C-D270-4C10-A958-57980B212A5A): 0
LogDevObjectVersion:   Dev-VR (D7296918-1DD6-4BDD-9DE2-64A83CC13884): 0
LogInit: Compiled (64-bit): Jul  6 2016 09:09:46
LogInit: Compiled with Visual C++: 19.00.23026.00
LogInit: Build Configuration: Development
LogInit: Branch Name: ++UE4+Release-4.12
LogInit: Command line: -EpicPortal 
LogInit: Base directory: C:/Program Files/Epic Games/UE_4.12/Engine/Binaries/Win64/
LogInit: Installed Engine Build: 1
LogInit: Using libcurl 7.41.0
LogInit:  - built for x86_64-pc-win32
LogInit:  - supports SSL with WinSSL
LogInit:  - other features:
LogInit:      CURL_VERSION_SSL
LogInit:      CURL_VERSION_IPV6
LogInit:      CURL_VERSION_ASYNCHDNS
LogInit:      CURL_VERSION_LARGEFILE
LogInit:      CURL_VERSION_IDN
LogInit:  CurlRequestOptions (configurable via config and command line):
LogInit:  - bVerifyPeer = true  - Libcurl will verify peer certificate
LogInit:  - bUseHttpProxy = false  - Libcurl will NOT use HTTP proxy
LogInit:  - bDontReuseConnections = false  - Libcurl will reuse connections
LogInit:  - CertBundlePath = nullptr  - Libcurl will use whatever was configured at build time.
LogInit: Presizing for max 8388607 objects, including 0 objects not considered by GC, pre-allocating 0 bytes for permanent pool.
LogInit: Object subsystem initialized
[2017.06.05-04.33.06:316][  0]LogInit: Selected Device Profile: [Windows]
[2017.06.05-04.33.06:316][  0]LogInit: Applying CVar settings loaded from the selected device profile: [Windows]
[2017.06.05-04.33.06:396][  0]LogInit: Computer: G416-11
[2017.06.05-04.33.06:396][  0]LogInit: User: 400T6B
[2017.06.05-04.33.06:396][  0]LogInit: CPU Page size=65536, Cores=4
[2017.06.05-04.33.06:396][  0]LogInit: High frequency timer resolution =3.117192 MHz
[2017.06.05-04.33.06:397][  0]LogMemory: Memory total: Physical=8.0GB (8GB approx)
[2017.06.05-04.33.06:397][  0]LogMemory: Platform Memory Stats for Windows
[2017.06.05-04.33.06:397][  0]LogMemory: Process Physical Memory: 189.71 MB used, 189.71 MB peak
[2017.06.05-04.33.06:397][  0]LogMemory: Process Virtual Memory: 194.91 MB used, 194.91 MB peak
[2017.06.05-04.33.06:397][  0]LogMemory: Physical Memory: 2860.93 MB used, 8149.74 MB total
[2017.06.05-04.33.06:397][  0]LogMemory: Virtual Memory: 547.92 MB used, 134217728.00 MB total
[2017.06.05-04.33.06:428][  0]LogTextLocalizationManager: No specific translations for ('ko-KR') exist, so ('ko') translations will be used.
[2017.06.05-04.33.06:461][  0]LogTextLocalizationManager:Warning: Loaded localization resources contain conflicting entries for (Namespace:KismetSchema, Key:Default):
Localization Resource: (C:/Program Files/Epic Games/UE_4.12/Engine/Content/Localization/EditorTutorials/ko/EditorTutorials.locres) Source String Hash: (940523119) Localized String: (디폴트)
Localization Resource: (C:/Program Files/Epic Games/UE_4.12/Engine/Content/Localization/Engine/ko/Engine.locres) Source String Hash: (940523119) Localized String: (기본)
[2017.06.05-04.33.06:461][  0]LogTextLocalizationManager:Warning: Loaded localization resources contain conflicting entries for (Namespace:UObjectToolTips, Key:AnimNode_AssetPlayerBase:InternalTimeAccumulator):
Localization Resource: (C:/Program Files/Epic Games/UE_4.12/Engine/Content/Localization/EditorTutorials/ko/EditorTutorials.locres) Source String Hash: (502993589) Localized String: (이 노드에서 애셋을 레퍼런싱하는 데 사용되는 누적 시간입니다.)
Localization Resource: (C:/Program Files/Epic Games/UE_4.12/Engine/Content/Localization/Engine/ko/Engine.locres) Source String Hash: (502993589) Localized String: (이 노드에서 애셋을 레퍼런싱하는 데 사용된 누적 시간입니다.)
[2017.06.05-04.33.06:461][  0]LogTextLocalizationManager:Warning: Loaded localization resources contain conflicting entries for (Namespace:UObjectToolTips, Key:AnimNode_AssetPlayerBase:bIgnoreForRelevancyTest):
Localization Resource: (C:/Program Files/Epic Games/UE_4.12/Engine/Content/Localization/EditorTutorials/ko/EditorTutorials.locres) Source String Hash: (319969718) Localized String: (True 면, 스테이트에서 최고 가중치 애니메이션을 찾는 "Relevant anim" 노드는 이 노드를 무시합니다.
 )
Localization Resource: (C:/Program Files/Epic Games/UE_4.12/Engine/Content/Localization/Engine/ko/Engine.locres) Source String Hash: (319969718) Localized String: (True 면 스테이트 내 최고 웨이팅된 애니메이션을 찾는 "Relevant anim" 노드가 무시됩니다.
 )
[2017.06.05-04.33.06:461][  0]LogTextLocalizationManager:Warning: Loaded localization resources contain conflicting entries for (Namespace:UObjectToolTips, Key:AnimNode_AssetPlayerBase:BlendWeight):
Localization Resource: (C:/Program Files/Epic Games/UE_4.12/Engine/Content/Localization/EditorTutorials/ko/EditorTutorials.locres) Source String Hash: (-1232800293) Localized String: (이 노드에 마지막 걸린 블렌드웨이트 입니다.)
Localization Resource: (C:/Program Files/Epic Games/UE_4.12/Engine/Content/Localization/Engine/ko/Engine.locres) Source String Hash: (-1232800293) Localized String: (이 노드에 대해 마지막 접한 블렌드 웨이트)
[2017.06.05-04.33.06:528][  0]LogD3D11RHI: D3D11 adapters:
[2017.06.05-04.33.06:556][  0]LogD3D11RHI:    0. 'NVIDIA GeForce GT 710' (Feature Level 11_0)
[2017.06.05-04.33.06:556][  0]LogD3D11RHI:       973/0/4074 MB DedicatedVideo/DedicatedSystem/SharedSystem, Outputs:1, VendorId:0x10de
[2017.06.05-04.33.06:557][  0]LogD3D11RHI:    1. 'Microsoft Basic Render Driver' (Feature Level 11_0)
[2017.06.05-04.33.06:557][  0]LogD3D11RHI:       0/0/4074 MB DedicatedVideo/DedicatedSystem/SharedSystem, Outputs:0, VendorId:0x1414
[2017.06.05-04.33.06:557][  0]LogD3D11RHI: Chosen D3D11 Adapter: 0
[2017.06.05-04.33.06:561][  0]LogD3D11RHI: Creating new Direct3DDevice
[2017.06.05-04.33.06:561][  0]LogD3D11RHI:     GPU DeviceId: 0x1289 (for the marketing name, search the web for "GPU Device Id")
[2017.06.05-04.33.06:561][  0]LogWindows: EnumDisplayDevices:
[2017.06.05-04.33.06:561][  0]LogWindows:    0. 'NVIDIA GeForce GT 710' (P:1 D:1)
[2017.06.05-04.33.06:561][  0]LogWindows:    1. 'NVIDIA GeForce GT 710' (P:0 D:0)
[2017.06.05-04.33.06:561][  0]LogWindows:    2. 'NVIDIA GeForce GT 710' (P:0 D:0)
[2017.06.05-04.33.06:561][  0]LogWindows: DebugString: FoundDriverCount:3 
[2017.06.05-04.33.06:561][  0]LogD3D11RHI:     Adapter Name: NVIDIA GeForce GT 710
[2017.06.05-04.33.06:561][  0]LogD3D11RHI:   Driver Version: 359.30 (internal:10.18.13.5930, unified:359.30)
[2017.06.05-04.33.06:561][  0]LogD3D11RHI:      Driver Date: 1-3-2016
[2017.06.05-04.33.06:561][  0]LogRHI: Texture pool is 681 MB (70% of 973 MB)
[2017.06.05-04.33.06:572][  0]LogD3D11RHI: Async texture creation enabled
[2017.06.05-04.33.06:587][  0]LogD3D11RHI: GPU Timing Frequency: 1000.000000 (Debug: 2 2)
[2017.06.05-04.33.06:587][  0]LogShaderCompilers: Guid format shader working directory is 0 characters bigger than the processId version (D:/_학교/3학년 1학기/게임소프트웨어디자인2/__기말프로젝트/기말고사주것으면좋겟다/Intermediate/Shaders/WorkingDirectory/4388/).
[2017.06.05-04.33.06:588][  0]LogShaderCompilers: Cleaned the shader compiler working directory 'C:/Users/400T6B/AppData/Local/Temp/UnrealShaderWorkingDir/585A24F74F5EB58597CE548A7BBBBAEC/'.
[2017.06.05-04.33.06:588][  0]LogShaderCompilers:Display: Using Local Shader Compiler.
[2017.06.05-04.33.08:362][  0]LogTemp:Display: Loaded TP AllDesktopTargetPlatform
[2017.06.05-04.33.08:372][  0]LogTemp:Display: Loaded TP WindowsClientTargetPlatform
[2017.06.05-04.33.08:386][  0]LogTemp:Display: Loaded TP WindowsNoEditorTargetPlatform
[2017.06.05-04.33.08:426][  0]LogTemp:Display: Loaded TP WindowsServerTargetPlatform
[2017.06.05-04.33.08:437][  0]LogTemp:Display: Loaded TP WindowsTargetPlatform
[2017.06.05-04.33.08:447][  0]LogTemp:Display: Loaded TP AndroidTargetPlatform
[2017.06.05-04.33.08:457][  0]LogTemp:Display: Loaded TP Android_ASTCTargetPlatform
[2017.06.05-04.33.08:468][  0]LogTemp:Display: Loaded TP Android_ATCTargetPlatform
[2017.06.05-04.33.08:478][  0]LogTemp:Display: Loaded TP Android_DXTTargetPlatform
[2017.06.05-04.33.08:487][  0]LogTemp:Display: Loaded TP Android_ETC1TargetPlatform
[2017.06.05-04.33.08:496][  0]LogTemp:Display: Loaded TP Android_ETC2TargetPlatform
[2017.06.05-04.33.08:514][  0]LogTemp:Display: Loaded TP Android_MultiTargetPlatform
[2017.06.05-04.33.08:514][  0]LogTemp:Display: Loaded TP Android_PVRTCTargetPlatform
[2017.06.05-04.33.08:515][  0]LogTemp:Display: Loaded TP HTML5TargetPlatform
[2017.06.05-04.33.08:536][  0]LogTemp:Display: Loaded TP IOSTargetPlatform
[2017.06.05-04.33.08:545][  0]LogTemp:Display: Loaded TP TVOSTargetPlatform
[2017.06.05-04.33.08:554][  0]LogTemp:Display: Loaded TP LinuxNoEditorTargetPlatform
[2017.06.05-04.33.08:562][  0]LogTemp:Display: Loaded TP LinuxServerTargetPlatform
[2017.06.05-04.33.08:571][  0]LogTemp:Display: Loaded TP LinuxTargetPlatform
[2017.06.05-04.33.08:571][  0]LogTargetPlatformManager:Display: Building Assets For Windows
[2017.06.05-04.33.08:626][  0]LogDerivedDataCache:Display: Max Cache Size: 512 MB
[2017.06.05-04.33.08:682][  0]LogDerivedDataCache: Loaded boot cache 0.06s 62MB C:/Users/400T6B/AppData/Local/UnrealEngine/4.12/DerivedDataCache/Boot.ddc.
[2017.06.05-04.33.08:682][  0]LogDerivedDataCache:Display: Loaded Boot cache: C:/Users/400T6B/AppData/Local/UnrealEngine/4.12/DerivedDataCache/Boot.ddc
[2017.06.05-04.33.08:682][  0]LogDerivedDataCache: FDerivedDataBackendGraph:  Pak pak cache file D:/_학교/3학년 1학기/게임소프트웨어디자인2/__기말프로젝트/기말고사주것으면좋겟다/DerivedDataCache/DDC.ddp not found, will not use a pak cache.
[2017.06.05-04.33.08:682][  0]LogDerivedDataCache: Unable to find inner node Pak for hierarchical cache Hierarchy.
[2017.06.05-04.33.08:683][  0]LogDerivedDataCache: FDerivedDataBackendGraph:  CompressedPak pak cache file D:/_학교/3학년 1학기/게임소프트웨어디자인2/__기말프로젝트/기말고사주것으면좋겟다/DerivedDataCache/Compressed.ddp not found, will not use a pak cache.
[2017.06.05-04.33.08:683][  0]LogDerivedDataCache: Unable to find inner node CompressedPak for hierarchical cache Hierarchy.
[2017.06.05-04.33.08:698][  0]LogDerivedDataCache:Display: Pak cache opened for reading ../../../Engine/DerivedDataCache/Compressed.ddp.
[2017.06.05-04.33.08:710][  0]LogDerivedDataCache: Using Local data cache path C:/Users/400T6B/AppData/Local/UnrealEngine/Common/DerivedDataCache: Writable
[2017.06.05-04.33.08:870][  0]LogInit: Selected Device Profile: [Windows]
[2017.06.05-04.33.08:871][  0]LogContentStreaming: Texture pool size is 0.00 MB
[2017.06.05-04.33.18:630][  0]LogMeshUtilities: No automatic mesh reduction module available
[2017.06.05-04.33.18:630][  0]LogMeshUtilities: No automatic mesh merging module available
[2017.06.05-04.33.18:630][  0]LogMeshUtilities: No distributed automatic mesh merging module available
[2017.06.05-04.33.18:880][  0]LogAssetRegistry: FAssetRegistry took 0.0212 seconds to start up
[2017.06.05-04.33.50:615][  0]LogPackageLocalizationCache: Processed 3 localized package path(s) for 2 prioritized culture(s) in 31.733515 seconds
[2017.06.05-04.33.50:620][  0]LogUObjectArray: 28739 objects as part of root set at end of initial load.
[2017.06.05-04.33.50:620][  0]LogUObjectAllocator: 5855624 out of 0 bytes used by permanent object pool.
[2017.06.05-04.33.50:620][  0]LogUObjectArray: CloseDisregardForGC: 0/0 objects in disregard for GC pool
[2017.06.05-04.33.50:626][  0]LogInit: WinSock: version 1.1 (2.2), MaxSocks=32767, MaxUdp=65467
[2017.06.05-04.33.50:784][  0]LogSlate: SlateFontCache - WITH_FREETYPE: 1, WITH_HARFBUZZ: 1
[2017.06.05-04.33.50:784][  0]LogSlate: SlateFontCache - WITH_FREETYPE: 1, WITH_HARFBUZZ: 1
[2017.06.05-04.33.55:382][  0]LogUdpMessaging: Initializing bridge on interface 0.0.0.0:0 to multicast group 230.0.0.1:6666.
[2017.06.05-04.33.57:259][  0]SourceControl: 정보 소스 콘트롤이 꺼졌습니다.
[2017.06.05-04.33.57:263][  0]SourceControl: 정보 소스 콘트롤이 꺼졌습니다.
[2017.06.05-04.33.57:270][  0]SourceControl: 정보 소스 콘트롤이 꺼졌습니다.
[2017.06.05-04.33.57:276][  0]SourceControl: 정보 소스 콘트롤이 꺼졌습니다.
[2017.06.05-04.33.57:445][  0]LogEngine: Initializing Engine...
[2017.06.05-04.33.57:446][  0]LogHMD: SteamVR failed to initialize.  Err: 110
[2017.06.05-04.33.57:446][  0]LogHMD: SteamVR failed to initialize.  Err: 110
[2017.06.05-04.33.57:580][  0]LogAIModule: Creating AISystem for world NewWorld
[2017.06.05-04.33.57:583][  0]LogInit: No audio devices found!
[2017.06.05-04.33.57:617][  0]LogDerivedDataCache: Saved boot cache 0.03s 48MB C:/Users/400T6B/AppData/Local/UnrealEngine/4.12/DerivedDataCache/Boot.ddc.
[2017.06.05-04.33.57:631][  0]LogInit: Texture streaming: Enabled
[2017.06.05-04.33.57:650][  0]LogInit: Transaction tracking system initialized
[2017.06.05-04.33.57:670][  0]BlueprintLog: New page: 에디터 로드
[2017.06.05-04.33.57:782][  0]LocalizationService: 정보 현지화 서비스가 비활성화되었습니다.
[2017.06.05-04.33.57:837][  0]LogConsoleResponse:Display: 
[2017.06.05-04.33.57:926][  0]LogCook:Display: Max memory allowance for cook 8192mb
[2017.06.05-04.33.57:926][  0]LogCook:Display: Mobile HDR setting 1
[2017.06.05-04.33.58:000][  0]LogFileCache: Scanning file cache for directory 'D:/_학교/3학년 1학기/게임소프트웨어디자인2/__기말프로젝트/기말고사주것으면좋겟다/Content/' took 0.02s
[2017.06.05-04.33.58:000][  0]SourceControl: 정보 소스 콘트롤이 꺼졌습니다.
[2017.06.05-04.33.58:000][  0]Cmd: MAP LOAD FILE="D:/_학교/3학년 1학기/게임소프트웨어디자인2/__기말프로젝트/기말고사주것으면좋겟다/Content/StarterContent/Maps/Minimal_Default.umap" TEMPLATE=0 SHOWPROGRESS=1 FEATURELEVEL=3
[2017.06.05-04.33.58:002][  0]LightingResults: New page: 라이팅 빌드
[2017.06.05-04.33.58:004][  0]MapCheck: New page: 맵 체크
[2017.06.05-04.33.58:004][  0]LightingResults: New page: 라이팅 빌드
[2017.06.05-04.33.58:316][  0]LogAIModule: Creating AISystem for world Minimal_Default
[2017.06.05-04.33.58:324][  0]LogEditorServer: Finished looking for orphan Actors (0.000 secs)
[2017.06.05-04.33.58:324][  0]Cmd: MAP CHECKDEP NOCLEARLOG
[2017.06.05-04.33.58:373][  0]MapCheck: 정보 맵 체크 완료: 오류 0 회, 경고 0 회, 소요 시간 49.047ms.
[2017.06.05-04.33.58:373][  0]LogFileHelpers: Loading map 'Minimal_Default' took 0.373
[2017.06.05-04.33.58:484][  0]LogCollectionManager: Loaded 0 collections in 0.001844 seconds
[2017.06.05-04.33.58:530][  0]LogFileCache: Scanning file cache for directory 'D:/_학교/3학년 1학기/게임소프트웨어디자인2/__기말프로젝트/기말고사주것으면좋겟다/Saved/Collections/' took 0.01s
[2017.06.05-04.33.58:530][  0]LogFileCache: Scanning file cache for directory 'D:/_학교/3학년 1학기/게임소프트웨어디자인2/__기말프로젝트/기말고사주것으면좋겟다/Content/Developers/400T6B/Collections/' took 0.01s
[2017.06.05-04.33.58:530][  0]LogFileCache: Scanning file cache for directory 'D:/_학교/3학년 1학기/게임소프트웨어디자인2/__기말프로젝트/기말고사주것으면좋겟다/Content/Collections/' took 0.01s
[2017.06.05-04.33.58:530][  0]LogCollectionManager: Rebuilt the GUID cache for 0 collections in 0.000002 seconds
[2017.06.05-04.33.59:884][  0]LogContentBrowser: Native class hierarchy populated in 1.3540 seconds. Added 2047 classes and 369 folders.
[2017.06.05-04.33.59:887][  0]LogStats: UGameplayTagsManager::ConstructGameplayTagTree: Construct from data asset -  0.000 s
[2017.06.05-04.33.59:887][  0]LogStats: UGameplayTagsManager::ConstructGameplayTagTree: GameplayTagTreeChangedEvent.Broadcast -  0.000 s
[2017.06.05-04.33.59:889][  0]LogContentBrowser: Native class hierarchy updated for 'GameplayTags' in 0.0015 seconds. Added 12 classes and 0 folders.
[2017.06.05-04.33.59:894][  0]LogContentBrowser: Native class hierarchy updated for 'WidgetCarousel' in 0.0015 seconds. Added 0 classes and 0 folders.
[2017.06.05-04.33.59:937][  0]LogContentBrowser: Native class hierarchy updated for 'AddContentDialog' in 0.0014 seconds. Added 0 classes and 0 folders.
[2017.06.05-04.33.59:941][  0]LogContentBrowser: Native class hierarchy updated for 'SceneOutliner' in 0.0016 seconds. Added 1 classes and 2 folders.
[2017.06.05-04.33.59:955][  0]LogCrashTracker: Crashtracker disabled due to settings.
[2017.06.05-04.34.00:004][  0]LogContentBrowser: Native class hierarchy updated for 'HierarchicalLODOutliner' in 0.0026 seconds. Added 1 classes and 2 folders.
[2017.06.05-04.34.00:004][  0]LogLoad: Full Startup: 124.91 seconds (BP compile: 0.03 seconds)
[2017.06.05-04.34.00:004][  0]LogExternalProfiler: No external profilers were discovered.  External profiling features will not be available.
[2017.06.05-04.34.00:346][  0]LogOcInput: OculusInput pre-init called
[2017.06.05-04.34.00:367][  0]LogContentStreaming: Texture pool size now 1000 MB
[2017.06.05-04.34.00:514][  0]LogRenderer: Reallocating scene render targets to support 1208x576 (Frame:2).
[2017.06.05-04.34.00:688][  1]LogAssetRegistry: Asset discovery search completed in 41.8300 seconds
[2017.06.05-04.34.00:688][  1]LogCollectionManager: Rebuilt the object cache for 0 collections in 0.000001 seconds (found 0 objects)
[2017.06.05-04.34.00:688][  1]LogCollectionManager: Fixed up redirectors for 0 collections in 0.000045 seconds (updated 0 objects)
[2017.06.05-04.34.15:739][ 45]LogWindowsTextInputMethodSystem:Display: IME system now activated using TSF (Microsoft 입력기).
[2017.06.05-04.34.15:971][ 46]Cmd: QUIT_EDITOR
[2017.06.05-04.34.16:080][ 46]LogExit: Preparing to exit.
[2017.06.05-04.34.16:564][ 46]LogExit: Editor shut down
[2017.06.05-04.34.16:564][ 46]LogExit: Transaction tracking system shut down
[2017.06.05-04.34.16:648][ 46]LogObj: Freed 0b from 0 cluster array pools.
[2017.06.05-04.34.16:648][ 46]LogExit: Object subsystem successfully closed.
[2017.06.05-04.34.16:660][ 46]LogD3D11RHI: Shutdown
[2017.06.05-04.34.16:660][ 46]LogD3D11RHI: CleanupD3DDevice
[2017.06.05-04.34.16:708][ 46]LogD3D11RHI: ~FD3D11DynamicRHI
[2017.06.05-04.34.16:714][ 46]LogModuleManager: Shutting down and abandoning module HierarchicalLODOutliner (213)
[2017.06.05-04.34.16:714][ 46]LogModuleManager: Shutting down and abandoning module CrashTracker (212)
[2017.06.05-04.34.16:714][ 46]LogModuleManager: Shutting down and abandoning module SceneOutliner (211)
[2017.06.05-04.34.16:714][ 46]LogModuleManager: Shutting down and abandoning module WidgetCarousel (210)
[2017.06.05-04.34.16:714][ 46]LogModuleManager: Shutting down and abandoning module AddContentDialog (209)
[2017.06.05-04.34.16:715][ 46]LogModuleManager: Shutting down and abandoning module GameplayTags (208)
[2017.06.05-04.34.16:715][ 46]LogModuleManager: Shutting down and abandoning module EditorWidgets (207)
[2017.06.05-04.34.16:715][ 46]LogModuleManager: Shutting down and abandoning module CollectionManager (206)
[2017.06.05-04.34.16:715][ 46]LogModuleManager: Shutting down and abandoning module StatsViewer (205)
[2017.06.05-04.34.16:715][ 46]LogModuleManager: Shutting down and abandoning module FoliageEdit (204)
[2017.06.05-04.34.16:715][ 46]LogModuleManager: Shutting down and abandoning module LandscapeEditor (203)
[2017.06.05-04.34.16:715][ 46]LogModuleManager: Shutting down and abandoning module SceneDepthPickerMode (202)
[2017.06.05-04.34.16:715][ 46]LogModuleManager: Shutting down and abandoning module ActorPickerMode (201)
[2017.06.05-04.34.16:715][ 46]LogModuleManager: Shutting down and abandoning module GeometryMode (200)
[2017.06.05-04.34.16:715][ 46]LogModuleManager: Shutting down and abandoning module TextureAlignMode (199)
[2017.06.05-04.34.16:715][ 46]LogModuleManager: Shutting down and abandoning module BspMode (198)
[2017.06.05-04.34.16:715][ 46]LogModuleManager: Shutting down and abandoning module HardwareSurvey (197)
[2017.06.05-04.34.16:715][ 46]LogModuleManager: Shutting down and abandoning module SequenceRecorderSections (196)
[2017.06.05-04.34.16:715][ 46]LogModuleManager: Shutting down and abandoning module SequenceRecorder (195)
[2017.06.05-04.34.16:715][ 46]LogModuleManager: Shutting down and abandoning module AutomationWorker (194)
[2017.06.05-04.34.16:715][ 46]LogModuleManager: Shutting down and abandoning module MatineeToLevelSequence (193)
[2017.06.05-04.34.16:715][ 46]LogModuleManager: Shutting down and abandoning module PlacementMode (192)
[2017.06.05-04.34.16:715][ 46]LogModuleManager: Shutting down and abandoning module LevelSequenceEditor (191)
[2017.06.05-04.34.16:716][ 46]LogModuleManager: Shutting down and abandoning module CharacterAI (190)
[2017.06.05-04.34.16:716][ 46]LogModuleManager: Shutting down and abandoning module SmartSnapping (189)
[2017.06.05-04.34.16:716][ 46]LogModuleManager: Shutting down and abandoning module SessionServices (188)
[2017.06.05-04.34.16:716][ 46]LogModuleManager: Shutting down and abandoning module ViewportSnapping (187)
[2017.06.05-04.34.16:716][ 46]LogModuleManager: Shutting down and abandoning module LogVisualizer (186)
[2017.06.05-04.34.16:716][ 46]LogModuleManager: Shutting down and abandoning module GameProjectGeneration (185)
[2017.06.05-04.34.16:716][ 46]LogModuleManager: Shutting down and abandoning module IntroTutorials (184)
[2017.06.05-04.34.16:716][ 46]LogModuleManager: Shutting down and abandoning module EditorLiveStreaming (183)
[2017.06.05-04.34.16:716][ 46]LogModuleManager: Shutting down and abandoning module IOSPlatformEditor (182)
[2017.06.05-04.34.16:716][ 46]LogModuleManager: Shutting down and abandoning module HTML5PlatformEditor (181)
[2017.06.05-04.34.16:716][ 46]LogModuleManager: Shutting down and abandoning module AndroidDeviceDetection (180)
[2017.06.05-04.34.16:815][ 46]LogModuleManager: Shutting down and abandoning module AndroidPlatformEditor (179)
[2017.06.05-04.34.16:815][ 46]LogModuleManager: Shutting down and abandoning module IOSRuntimeSettings (178)
[2017.06.05-04.34.16:815][ 46]LogModuleManager: Shutting down and abandoning module AndroidRuntimeSettings (177)
[2017.06.05-04.34.16:815][ 46]LogModuleManager: Shutting down and abandoning module MergeActors (176)
[2017.06.05-04.34.16:815][ 46]LogModuleManager: Shutting down and abandoning module SizeMap (175)
[2017.06.05-04.34.16:816][ 46]LogModuleManager: Shutting down and abandoning module TreeMap (174)
[2017.06.05-04.34.16:816][ 46]LogModuleManager: Shutting down and abandoning module ReferenceViewer (173)
[2017.06.05-04.34.16:816][ 46]LogModuleManager: Shutting down and abandoning module LocalizationService (172)
[2017.06.05-04.34.16:816][ 46]LogModuleManager: Shutting down and abandoning module LocalizationDashboard (171)
[2017.06.05-04.34.16:816][ 46]LogModuleManager: Shutting down and abandoning module HardwareTargeting (170)
[2017.06.05-04.34.16:816][ 46]LogModuleManager: Shutting down and abandoning module DeviceProfileEditor (169)
[2017.06.05-04.34.16:816][ 46]LogModuleManager: Shutting down and abandoning module UndoHistory (168)
[2017.06.05-04.34.16:816][ 46]LogModuleManager: Shutting down and abandoning module UserFeedback (167)
[2017.06.05-04.34.16:816][ 46]LogModuleManager: Shutting down and abandoning module XmlParser (166)
[2017.06.05-04.34.16:816][ 46]LogModuleManager: Shutting down and abandoning module Blutility (165)
[2017.06.05-04.34.16:816][ 46]LogModuleManager: Shutting down and abandoning module ProjectTargetPlatformEditor (164)
[2017.06.05-04.34.16:816][ 46]LogModuleManager: Shutting down and abandoning module ProjectSettingsViewer (163)
[2017.06.05-04.34.16:816][ 46]LogModuleManager: Shutting down and abandoning module InputBindingEditor (162)
[2017.06.05-04.34.16:816][ 46]LogModuleManager: Shutting down and abandoning module EditorSettingsViewer (161)
[2017.06.05-04.34.16:816][ 46]LogModuleManager: Shutting down and abandoning module SettingsEditor (160)
[2017.06.05-04.34.16:816][ 46]LogModuleManager: Shutting down and abandoning module ProjectLauncher (159)
[2017.06.05-04.34.16:816][ 46]LogModuleManager: Shutting down and abandoning module SessionFrontend (158)
[2017.06.05-04.34.16:816][ 46]LogModuleManager: Shutting down and abandoning module ProfilerClient (157)
[2017.06.05-04.34.16:816][ 46]LogModuleManager: Shutting down and abandoning module TargetDeviceServices (156)
[2017.06.05-04.34.16:816][ 46]LogModuleManager: Shutting down and abandoning module DeviceManager (155)
[2017.06.05-04.34.16:858][ 46]LogModuleManager: Shutting down and abandoning module AutomationController (154)
[2017.06.05-04.34.16:858][ 46]LogModuleManager: Shutting down and abandoning module AutomationWindow (153)
[2017.06.05-04.34.16:858][ 46]LogModuleManager: Shutting down and abandoning module Layers (152)
[2017.06.05-04.34.16:858][ 46]LogModuleManager: Shutting down and abandoning module ComponentVisualizers (151)
[2017.06.05-04.34.16:858][ 46]LogModuleManager: Shutting down and abandoning module DetailCustomizations (150)
[2017.06.05-04.34.16:858][ 46]LogModuleManager: Shutting down and abandoning module PackagesDialog (149)
[2017.06.05-04.34.16:858][ 46]LogModuleManager: Shutting down and abandoning module Persona (148)
[2017.06.05-04.34.16:858][ 46]LogModuleManager: Shutting down and abandoning module Kismet (147)
[2017.06.05-04.34.16:858][ 46]LogModuleManager: Shutting down and abandoning module GraphEditor (146)
[2017.06.05-04.34.16:858][ 46]LogModuleManager: Shutting down and abandoning module ClassViewer (145)
[2017.06.05-04.34.16:858][ 46]LogModuleManager: Shutting down and abandoning module Toolbox (144)
[2017.06.05-04.34.16:858][ 46]LogModuleManager: Shutting down and abandoning module ModuleUI (143)
[2017.06.05-04.34.16:858][ 46]LogModuleManager: Shutting down and abandoning module MovieSceneTools (142)
[2017.06.05-04.34.16:858][ 46]LogModuleManager: Shutting down and abandoning module OutputLog (141)
[2017.06.05-04.34.16:858][ 46]LogModuleManager: Shutting down and abandoning module GammaUI (140)
[2017.06.05-04.34.16:858][ 46]LogModuleManager: Shutting down and abandoning module Documentation (139)
[2017.06.05-04.34.16:858][ 46]LogModuleManager: Shutting down and abandoning module StreamingPauseRendering (138)
[2017.06.05-04.34.16:858][ 46]LogModuleManager: Shutting down and abandoning module AnalyticsET (137)
[2017.06.05-04.34.16:858][ 46]LogModuleManager: Shutting down and abandoning module Analytics (136)
[2017.06.05-04.34.16:858][ 46]LogModuleManager: Shutting down and abandoning module PortalServices (135)
[2017.06.05-04.34.16:858][ 46]LogModuleManager: Shutting down and abandoning module PortalRpc (134)
[2017.06.05-04.34.16:858][ 46]LogModuleManager: Shutting down and abandoning module MessagingRpc (133)
[2017.06.05-04.34.16:858][ 46]LogModuleManager: Shutting down and abandoning module GameplayDebugger (132)
[2017.06.05-04.34.16:858][ 46]LogModuleManager: Shutting down and abandoning module AITestSuite (131)
[2017.06.05-04.34.16:858][ 46]LogModuleManager: Shutting down and abandoning module AIModule (130)
[2017.06.05-04.34.16:858][ 46]LogModuleManager: Shutting down and abandoning module ProfilerService (129)
[2017.06.05-04.34.16:925][ 46]LogModuleManager: Shutting down and abandoning module TaskGraph (128)
[2017.06.05-04.34.16:926][ 46]LogModuleManager: Shutting down and abandoning module SlateRemote (127)
[2017.06.05-04.34.16:926][ 46]LogModuleManager: Shutting down and abandoning module SteamVRController (126)
[2017.06.05-04.34.16:926][ 46]LogModuleManager: Shutting down and abandoning module SteamVR (125)
[2017.06.05-04.34.16:926][ 46]LogModuleManager: Shutting down and abandoning module ProceduralMeshComponent (124)
[2017.06.05-04.34.16:926][ 46]LogModuleManager: Shutting down and abandoning module OculusLibrary (123)
[2017.06.05-04.34.16:926][ 46]LogModuleManager: Shutting down and abandoning module OculusInput (122)
[2017.06.05-04.34.16:926][ 46]LogModuleManager: Shutting down and abandoning module CustomMeshComponent (121)
[2017.06.05-04.34.16:926][ 46]LogModuleManager: Shutting down and abandoning module CableComponent (120)
[2017.06.05-04.34.16:926][ 46]LogModuleManager: Shutting down and abandoning module ArchVisCharacter (119)
[2017.06.05-04.34.16:926][ 46]LogModuleManager: Shutting down and abandoning module MediaPlayerEditor (118)
[2017.06.05-04.34.16:926][ 46]LogModuleManager: Shutting down and abandoning module HTML5Networking (117)
[2017.06.05-04.34.16:926][ 46]LogModuleManager: Shutting down and abandoning module SuperSearch (116)
[2017.06.05-04.34.16:926][ 46]LogModuleManager: Shutting down and abandoning module SuperSearchEditor (115)
[2017.06.05-04.34.16:926][ 46]LogModuleManager: Shutting down and abandoning module SpeedTreeImporter (114)
[2017.06.05-04.34.16:926][ 46]LogModuleManager: Shutting down and abandoning module PluginBrowser (113)
[2017.06.05-04.34.16:926][ 46]LogModuleManager: Shutting down and abandoning module EpicSurvey (112)
[2017.06.05-04.34.16:926][ 46]LogModuleManager: Shutting down and abandoning module DesktopPlatform (111)
[2017.06.05-04.34.16:926][ 46]LogModuleManager: Shutting down and abandoning module VisualStudioSourceCodeAccess (110)
[2017.06.05-04.34.16:926][ 46]LogModuleManager: Shutting down and abandoning module UObjectPlugin (109)
[2017.06.05-04.34.16:926][ 46]LogModuleManager: Shutting down and abandoning module SubversionSourceControl (108)
[2017.06.05-04.34.16:926][ 46]LogModuleManager: Shutting down and abandoning module PerforceSourceControl (107)
[2017.06.05-04.34.16:926][ 46]LogModuleManager: Shutting down and abandoning module SourceControl (106)
[2017.06.05-04.34.16:926][ 46]LogModuleManager: Shutting down and abandoning module GitSourceControl (105)
[2017.06.05-04.34.16:926][ 46]LogModuleManager: Shutting down and abandoning module LightPropagationVolumeEditor (104)
[2017.06.05-04.34.16:926][ 46]LogModuleManager: Shutting down and abandoning module PaperTiledImporter (103)
[2017.06.05-04.34.16:926][ 46]LogModuleManager: Shutting down and abandoning module PaperSpriteSheetImporter (102)
[2017.06.05-04.34.16:926][ 46]LogModuleManager: Shutting down and abandoning module MeshPaint (101)
[2017.06.05-04.34.16:926][ 46]LogModuleManager: Shutting down and abandoning module PixelInspectorModule (100)
[2017.06.05-04.34.16:926][ 46]LogModuleManager: Shutting down and abandoning module HotReload (99)
[2017.06.05-04.34.16:927][ 46]LogModuleManager: Shutting down and abandoning module MainFrame (98)
[2017.06.05-04.34.16:927][ 46]LogModuleManager: Shutting down and abandoning module LevelEditor (97)
[2017.06.05-04.34.16:927][ 46]LogModuleManager: Shutting down and abandoning module ContentBrowser (96)
[2017.06.05-04.34.16:928][ 46]LogModuleManager: Shutting down and abandoning module Paper2DEditor (95)
[2017.06.05-04.34.16:928][ 46]LogModuleManager: Shutting down and abandoning module UdpMessaging (94)
[2017.06.05-04.34.17:028][ 46]LogModuleManager: Shutting down and abandoning module LightPropagationVolumeRuntime (93)
[2017.06.05-04.34.17:028][ 46]LogModuleManager: Shutting down and abandoning module Paper2D (92)
[2017.06.05-04.34.17:028][ 46]LogModuleManager: Shutting down and abandoning module WindowsMoviePlayer (91)
[2017.06.05-04.34.17:028][ 46]LogModuleManager: Shutting down and abandoning module Media (90)
[2017.06.05-04.34.17:028][ 46]LogModuleManager: Shutting down and abandoning module WmfMedia (89)
[2017.06.05-04.34.17:029][ 46]LogModuleManager: Shutting down and abandoning module MediaAssets (88)
[2017.06.05-04.34.17:029][ 46]LogModuleManager: Shutting down and abandoning module GameLiveStreaming (87)
[2017.06.05-04.34.17:029][ 46]LogModuleManager: Shutting down and abandoning module GameplayTagsEditor (86)
[2017.06.05-04.34.17:029][ 46]LogModuleManager: Shutting down and abandoning module OnlineBlueprintSupport (85)
[2017.06.05-04.34.17:029][ 46]LogModuleManager: Shutting down and abandoning module VREditor (84)
[2017.06.05-04.34.17:029][ 46]LogModuleManager: Shutting down and abandoning module GameplayTasksEditor (83)
[2017.06.05-04.34.17:029][ 46]LogModuleManager: Shutting down and abandoning module PropertyEditor (82)
[2017.06.05-04.34.17:029][ 46]LogModuleManager: Shutting down and abandoning module BehaviorTreeEditor (81)
[2017.06.05-04.34.17:029][ 46]LogModuleManager: Shutting down and abandoning module FunctionalTesting (80)
[2017.06.05-04.34.17:029][ 46]LogModuleManager: Shutting down and abandoning module CollisionAnalyzer (79)
[2017.06.05-04.34.17:029][ 46]LogModuleManager: Shutting down and abandoning module Sequencer (78)
[2017.06.05-04.34.17:029][ 46]LogModuleManager: Shutting down and abandoning module WorkspaceMenuStructure (77)
[2017.06.05-04.34.17:030][ 46]LogModuleManager: Shutting down and abandoning module MessageLog (76)
[2017.06.05-04.34.17:030][ 46]LogModuleManager: Shutting down and abandoning module AssetTools (75)
[2017.06.05-04.34.17:030][ 46]LogModuleManager: Shutting down and abandoning module UMGEditor (74)
[2017.06.05-04.34.17:030][ 46]LogModuleManager: Shutting down and abandoning module UMG (73)
[2017.06.05-04.34.17:030][ 46]LogModuleManager: Shutting down and abandoning module SlateReflector (72)
[2017.06.05-04.34.17:030][ 46]LogModuleManager: Shutting down and abandoning module Slate (71)
[2017.06.05-04.34.17:030][ 46]LogModuleManager: Shutting down and abandoning module EditorStyle (70)
[2017.06.05-04.34.17:031][ 46]LogModuleManager: Shutting down and abandoning module SourceCodeAccess (69)
[2017.06.05-04.34.17:031][ 46]LogModuleManager: Shutting down and abandoning module HeadMountedDisplay (68)
[2017.06.05-04.34.17:031][ 46]LogModuleManager: Shutting down and abandoning module XAudio2 (67)
[2017.06.05-04.34.17:031][ 46]LogModuleManager: Shutting down and abandoning module Networking (65)
[2017.06.05-04.34.17:031][ 46]LogModuleManager: Shutting down and abandoning module Core (64)
[2017.06.05-04.34.17:031][ 46]LogModuleManager: Shutting down and abandoning module DirectoryWatcher (63)
[2017.06.05-04.34.17:032][ 46]LogModuleManager: Shutting down and abandoning module AssetRegistry (62)
[2017.06.05-04.36.35:864][ 46]LogModuleManager: Shutting down and abandoning module KismetCompiler (61)
[2017.06.05-04.36.35:864][ 46]LogModuleManager: Shutting down and abandoning module PhysXFormats (60)
[2017.06.05-04.36.35:864][ 46]LogModuleManager: Shutting down and abandoning module MeshUtilities (59)
[2017.06.05-04.36.35:864][ 46]LogModuleManager: Shutting down and abandoning module DerivedDataCache (58)
[2017.06.05-04.36.35:893][ 46]LogDerivedDataCache: Shutdown
[2017.06.05-04.36.35:893][ 46]LogModuleManager: Shutting down and abandoning module VulkanShaderFormat (57)
[2017.06.05-04.36.35:893][ 46]LogModuleManager: Shutting down and abandoning module ShaderFormatOpenGL (56)
[2017.06.05-04.36.35:893][ 46]LogModuleManager: Shutting down and abandoning module ShaderFormatD3D (55)
[2017.06.05-04.36.35:893][ 46]LogModuleManager: Shutting down and abandoning module MetalShaderFormat (54)
[2017.06.05-04.36.35:893][ 46]LogModuleManager: Shutting down and abandoning module TextureFormatUncompressed (53)
[2017.06.05-04.36.35:893][ 46]LogModuleManager: Shutting down and abandoning module TextureFormatPVR (52)
[2017.06.05-04.36.35:893][ 46]LogModuleManager: Shutting down and abandoning module TextureFormatIntelISPCTexComp (51)
[2017.06.05-04.36.35:893][ 46]LogModuleManager: Shutting down and abandoning module TextureFormatDXT (50)
[2017.06.05-04.36.35:893][ 46]LogModuleManager: Shutting down and abandoning module ImageWrapper (49)
[2017.06.05-04.36.35:893][ 46]LogModuleManager: Shutting down and abandoning module TextureFormatASTC (48)
[2017.06.05-04.36.35:893][ 46]LogModuleManager: Shutting down and abandoning module TextureFormatAndroid (47)
[2017.06.05-04.36.35:893][ 46]LogModuleManager: Shutting down and abandoning module AudioFormatOpus (46)
[2017.06.05-04.36.35:893][ 46]LogModuleManager: Shutting down and abandoning module AudioFormatOgg (45)
[2017.06.05-04.36.35:893][ 46]LogModuleManager: Shutting down and abandoning module AudioFormatADPCM (44)
[2017.06.05-04.36.35:893][ 46]LogModuleManager: Shutting down and abandoning module LinuxTargetPlatform (43)
[2017.06.05-04.36.35:893][ 46]LogModuleManager: Shutting down and abandoning module LinuxServerTargetPlatform (42)
[2017.06.05-04.36.35:893][ 46]LogModuleManager: Shutting down and abandoning module LinuxNoEditorTargetPlatform (41)
[2017.06.05-04.36.35:893][ 46]LogModuleManager: Shutting down and abandoning module TVOSTargetPlatform (40)
[2017.06.05-04.36.35:893][ 46]LogModuleManager: Shutting down and abandoning module Messaging (39)
[2017.06.05-04.36.35:893][ 46]LogModuleManager: Shutting down and abandoning module IOSTargetPlatform (38)
[2017.06.05-04.36.35:893][ 46]LogModuleManager: Shutting down and abandoning module HTML5TargetPlatform (37)
[2017.06.05-04.36.35:893][ 46]LogModuleManager: Shutting down and abandoning module Android_PVRTCTargetPlatform (36)
[2017.06.05-04.36.35:893][ 46]LogModuleManager: Shutting down and abandoning module Android_MultiTargetPlatform (35)
[2017.06.05-04.36.35:893][ 46]LogModuleManager: Shutting down and abandoning module Android_ETC2TargetPlatform (34)
[2017.06.05-04.36.35:893][ 46]LogModuleManager: Shutting down and abandoning module Android_ETC1TargetPlatform (33)
[2017.06.05-04.36.35:893][ 46]LogModuleManager: Shutting down and abandoning module Android_DXTTargetPlatform (32)
[2017.06.05-04.36.35:893][ 46]LogModuleManager: Shutting down and abandoning module Android_ATCTargetPlatform (31)
[2017.06.05-04.36.35:893][ 46]LogModuleManager: Shutting down and abandoning module Android_ASTCTargetPlatform (30)
[2017.06.05-04.36.35:893][ 46]LogModuleManager: Shutting down and abandoning module AndroidTargetPlatform (29)
[2017.06.05-04.36.35:893][ 46]LogModuleManager: Shutting down and abandoning module WindowsTargetPlatform (28)
[2017.06.05-04.36.35:893][ 46]LogModuleManager: Shutting down and abandoning module WindowsServerTargetPlatform (27)
[2017.06.05-04.36.35:893][ 46]LogModuleManager: Shutting down and abandoning module WindowsNoEditorTargetPlatform (26)
[2017.06.05-04.36.35:893][ 46]LogModuleManager: Shutting down and abandoning module WindowsClientTargetPlatform (25)
[2017.06.05-04.36.35:893][ 46]LogModuleManager: Shutting down and abandoning module AllDesktopTargetPlatform (24)
[2017.06.05-04.36.35:893][ 46]LogModuleManager: Shutting down and abandoning module TargetPlatform (23)
[2017.06.05-04.36.35:893][ 46]LogModuleManager: Shutting down and abandoning module InputCore (22)
[2017.06.05-04.36.35:893][ 46]LogModuleManager: Shutting down and abandoning module Settings (21)
[2017.06.05-04.36.35:893][ 46]LogModuleManager: Shutting down and abandoning module OnlineSubsystem (19)
[2017.06.05-04.36.35:893][ 46]LogModuleManager: Shutting down and abandoning module HTTP (18)
[2017.06.05-04.36.39:901][ 46]LogModuleManager: Shutting down and abandoning module XMPP (17)
[2017.06.05-04.36.39:902][ 46]LogModuleManager: Shutting down and abandoning module OculusRift (16)
[2017.06.05-04.36.39:902][ 46]LogModuleManager: Shutting down and abandoning module ExampleDeviceProfileSelector (15)
[2017.06.05-04.36.39:902][ 46]LogModuleManager: Shutting down and abandoning module TextureCompressor (14)
[2017.06.05-04.36.39:902][ 46]LogModuleManager: Shutting down and abandoning module ShaderCore (13)
[2017.06.05-04.36.39:902][ 46]LogModuleManager: Shutting down and abandoning module Landscape (12)
[2017.06.05-04.36.39:902][ 46]LogModuleManager: Shutting down and abandoning module SlateRHIRenderer (11)
[2017.06.05-04.36.39:906][ 46]LogModuleManager: Shutting down and abandoning module OpenGLDrv (10)
[2017.06.05-04.36.39:906][ 46]LogModuleManager: Shutting down and abandoning module D3D11RHI (9)
[2017.06.05-04.36.39:906][ 46]LogModuleManager: Shutting down and abandoning module AnimGraphRuntime (8)
[2017.06.05-04.36.39:906][ 46]LogModuleManager: Shutting down and abandoning module Renderer (7)
[2017.06.05-04.36.39:906][ 46]LogModuleManager: Shutting down and abandoning module Engine (6)
[2017.06.05-04.36.39:906][ 46]LogModuleManager: Shutting down and abandoning module CoreUObject (5)
[2017.06.05-04.36.39:906][ 46]LogModuleManager: Shutting down and abandoning module NetworkFile (4)
[2017.06.05-04.36.39:906][ 46]LogModuleManager: Shutting down and abandoning module StreamingFile (3)
[2017.06.05-04.36.39:906][ 46]LogModuleManager: Shutting down and abandoning module SandboxFile (2)
[2017.06.05-04.36.39:906][ 46]LogModuleManager: Shutting down and abandoning module PakFile (1)
[2017.06.05-04.36.39:908][ 46]LogExit: Exiting.
[2017.06.05-04.36.39:910][ 46]Log file closed, 06/05/17 13:36:39
